2023-07-28 22:14:00.221 INFO [restartedMain:c.a.n.c.u.ParamUtil] [settings] [req-serv] nacos-server port:8848
2023-07-28 22:14:00.221 INFO [restartedMain:c.a.n.c.u.ParamUtil] [settings] [http-client] connect timeout:1000
2023-07-28 22:14:00.221 INFO [restartedMain:c.a.n.c.u.ParamUtil] PER_TASK_CONFIG_SIZE: 3000.0
2023-07-28 22:14:00.237 INFO [restartedMain:c.a.n.c.a.r.i.CredentialWatcher] null No credential found
2023-07-28 22:14:00.237 INFO [restartedMain:c.a.n.c.c.i.LocalConfigInfoProcessor] LOCAL_SNAPSHOT_PATH:D:\IdeaProjects\Chen-Api/apiOrderDubboCache\nacos\config
2023-07-28 22:14:01.022 INFO [com.alibaba.nacos.client.remote.worker:c.a.n.c.c.i.ClientWorker] [8389903e-cccd-4cfc-a6a9-8a20bc185543_config-0] Connected,notify listen context...
2023-07-28 22:14:01.058 INFO [restartedMain:c.a.n.c.c.i.Limiter] limitTime:5.0
2023-07-28 22:14:04.295 INFO [restartedMain:c.a.n.c.c.i.CacheData] nacos.cache.data.init.snapshot = true 
2023-07-28 22:14:04.295 INFO [restartedMain:c.a.n.c.c.i.ClientWorker] [fixed-localhost_8848] [subscribe] dubbo.migration+DUBBO_SERVICEDISCOVERY_MIGRATION
2023-07-28 22:14:04.307 INFO [restartedMain:c.a.n.c.c.i.CacheData] [fixed-localhost_8848] [add-listener] ok, tenant=, dataId=dubbo.migration, group=DUBBO_SERVICEDISCOVERY_MIGRATION, cnt=1
2023-07-28 22:14:04.331 INFO [restartedMain:c.a.n.c.c.i.ClientWorker] [fixed-localhost_8848] [subscribe] dubbo.configurators+dubbo
2023-07-28 22:14:04.331 INFO [restartedMain:c.a.n.c.c.i.CacheData] [fixed-localhost_8848] [add-listener] ok, tenant=, dataId=dubbo.configurators, group=dubbo, cnt=1
2023-07-28 22:14:04.347 INFO [restartedMain:c.a.n.c.c.i.ClientWorker] [fixed-localhost_8848] [subscribe] com.czq.apicommon.service.InnerUserService::.condition-router+dubbo
2023-07-28 22:14:04.347 INFO [restartedMain:c.a.n.c.c.i.CacheData] [fixed-localhost_8848] [add-listener] ok, tenant=, dataId=com.czq.apicommon.service.InnerUserService::.condition-router, group=dubbo, cnt=1
2023-07-28 22:14:04.347 INFO [restartedMain:c.a.n.c.c.i.ClientWorker] [fixed-localhost_8848] [subscribe] dubbo.condition-router+dubbo
2023-07-28 22:14:04.347 INFO [restartedMain:c.a.n.c.c.i.CacheData] [fixed-localhost_8848] [add-listener] ok, tenant=, dataId=dubbo.condition-router, group=dubbo, cnt=1
2023-07-28 22:14:04.460 INFO [restartedMain:c.a.n.c.c.i.ClientWorker] [fixed-localhost_8848] [subscribe] dubbo.MESHAPPRULE+dubbo
2023-07-28 22:14:04.460 INFO [restartedMain:c.a.n.c.c.i.CacheData] [fixed-localhost_8848] [add-listener] ok, tenant=, dataId=dubbo.MESHAPPRULE, group=dubbo, cnt=1
2023-07-28 22:14:04.460 INFO [restartedMain:c.a.n.c.c.i.ClientWorker] [fixed-localhost_8848] [subscribe] dubbo.tag-router+dubbo
2023-07-28 22:14:04.460 INFO [restartedMain:c.a.n.c.c.i.CacheData] [fixed-localhost_8848] [add-listener] ok, tenant=, dataId=dubbo.tag-router, group=dubbo, cnt=1
2023-07-28 22:14:04.460 INFO [restartedMain:c.a.n.c.c.i.ClientWorker] [fixed-localhost_8848] [subscribe] com.czq.apicommon.service.InnerUserService::.configurators+dubbo
2023-07-28 22:14:04.460 INFO [restartedMain:c.a.n.c.c.i.CacheData] [fixed-localhost_8848] [add-listener] ok, tenant=, dataId=com.czq.apicommon.service.InnerUserService::.configurators, group=dubbo, cnt=1
2023-07-28 22:14:04.669 INFO [restartedMain:c.a.n.c.c.i.ClientWorker] [fixed-localhost_8848] [subscribe] com.czq.apicommon.service.InnerUserService+mapping
2023-07-28 22:14:04.669 INFO [restartedMain:c.a.n.c.c.i.CacheData] [fixed-localhost_8848] [add-listener] ok, tenant=, dataId=com.czq.apicommon.service.InnerUserService, group=mapping, cnt=1
2023-07-28 22:14:04.779 INFO [com.alibaba.nacos.client.remote.worker:c.a.n.c.c.i.ClientWorker] [d5658c37-efae-4fcd-8edc-aab4e4ec3e3b_config-0] Connected,notify listen context...
2023-07-28 22:14:04.787 INFO [restartedMain:c.a.n.c.c.u.JvmUtil] isMultiInstance:false
2023-07-28 22:14:04.908 INFO [restartedMain:c.a.n.c.c.i.ClientWorker] [fixed-localhost_8848] [subscribe] com.czq.apicommon.service.ApiBackendService::.condition-router+dubbo
2023-07-28 22:14:04.908 INFO [restartedMain:c.a.n.c.c.i.CacheData] [fixed-localhost_8848] [add-listener] ok, tenant=, dataId=com.czq.apicommon.service.ApiBackendService::.condition-router, group=dubbo, cnt=1
2023-07-28 22:14:04.927 INFO [restartedMain:c.a.n.c.c.i.ClientWorker] [fixed-localhost_8848] [subscribe] com.czq.apicommon.service.ApiBackendService::.configurators+dubbo
2023-07-28 22:14:04.927 INFO [restartedMain:c.a.n.c.c.i.CacheData] [fixed-localhost_8848] [add-listener] ok, tenant=, dataId=com.czq.apicommon.service.ApiBackendService::.configurators, group=dubbo, cnt=1
2023-07-28 22:14:04.986 INFO [com.alibaba.nacos.client.Worker:c.a.n.c.c.i.CacheData] [fixed-localhost_8848] [notify-listener] time cost=0ms in ClientWorker, dataId=com.czq.apicommon.service.InnerUserService, group=mapping, md5=aa4e1b8c2cc9deed96fe012ef2e0752a, listener=org.apache.dubbo.metadata.store.nacos.NacosMetadataReport$NacosConfigListener@6372607f 
2023-07-28 22:14:04.987 INFO [nacos.client.cachedata.internal.notifier:c.a.n.c.c.i.CacheData] [fixed-localhost_8848] [notify-context] dataId=com.czq.apicommon.service.InnerUserService, group=mapping, md5=aa4e1b8c2cc9deed96fe012ef2e0752a
2023-07-28 22:14:04.990 INFO [nacos.client.cachedata.internal.notifier:c.a.n.c.c.i.CacheData] [fixed-localhost_8848] [notify-ok] dataId=com.czq.apicommon.service.InnerUserService, group=mapping, md5=aa4e1b8c2cc9deed96fe012ef2e0752a, listener=org.apache.dubbo.metadata.store.nacos.NacosMetadataReport$NacosConfigListener@6372607f ,cost=3 millis.
2023-07-28 22:14:05.132 INFO [restartedMain:c.a.n.c.c.i.ClientWorker] [fixed-localhost_8848] [subscribe] com.czq.apicommon.service.ApiBackendService+mapping
2023-07-28 22:14:05.132 INFO [restartedMain:c.a.n.c.c.i.CacheData] [fixed-localhost_8848] [add-listener] ok, tenant=, dataId=com.czq.apicommon.service.ApiBackendService, group=mapping, cnt=1
2023-07-28 22:14:05.201 INFO [restartedMain:c.a.n.c.c.i.ClientWorker] [fixed-localhost_8848] [subscribe] org.apache.dubbo.metadata.MetadataService:1.0.0:dubbo.configurators+dubbo
2023-07-28 22:14:05.201 INFO [restartedMain:c.a.n.c.c.i.CacheData] [fixed-localhost_8848] [add-listener] ok, tenant=, dataId=org.apache.dubbo.metadata.MetadataService:1.0.0:dubbo.configurators, group=dubbo, cnt=1
2023-07-28 22:14:05.339 INFO [nacos.client.cachedata.internal.notifier:c.a.n.c.c.i.CacheData] [fixed-localhost_8848] [notify-context] dataId=com.czq.apicommon.service.ApiBackendService, group=mapping, md5=11e1238db48e9f7834bf882fdc808da2
2023-07-28 22:14:05.339 INFO [com.alibaba.nacos.client.Worker:c.a.n.c.c.i.CacheData] [fixed-localhost_8848] [notify-listener] time cost=0ms in ClientWorker, dataId=com.czq.apicommon.service.ApiBackendService, group=mapping, md5=11e1238db48e9f7834bf882fdc808da2, listener=org.apache.dubbo.metadata.store.nacos.NacosMetadataReport$NacosConfigListener@6dc36e39 
2023-07-28 22:14:05.341 INFO [nacos.client.cachedata.internal.notifier:c.a.n.c.c.i.CacheData] [fixed-localhost_8848] [notify-ok] dataId=com.czq.apicommon.service.ApiBackendService, group=mapping, md5=11e1238db48e9f7834bf882fdc808da2, listener=org.apache.dubbo.metadata.store.nacos.NacosMetadataReport$NacosConfigListener@6dc36e39 ,cost=2 millis.
