2023-07-28 22:14:03.574 INFO [restartedMain:c.a.n.c.naming] initializer namespace from System Property : null
2023-07-28 22:14:03.574 INFO [restartedMain:c.a.n.c.naming] initializer namespace from System Environment :null
2023-07-28 22:14:03.574 INFO [restartedMain:c.a.n.c.naming] initializer namespace from System Property :null
2023-07-28 22:14:03.701 INFO [com.alibaba.nacos.client.remote.worker:c.a.n.c.naming] Grpc connection connect
2023-07-28 22:14:03.701 INFO [restartedMain:c.a.n.c.naming] [REGISTER-SERVICE] public registering service api-order with instance Instance{instanceId='null', ip='192.168.43.163', port=9001, weight=1.0, healthy=true, enabled=true, ephemeral=true, clusterName='DEFAULT', serviceName='null', metadata={IPv6=null, preserved.register.source=SPRING_CLOUD}}
2023-07-28 22:14:04.166 INFO [restartedMain:c.a.n.c.naming] initializer namespace from System Property : null
2023-07-28 22:14:04.166 INFO [restartedMain:c.a.n.c.naming] initializer namespace from System Environment :null
2023-07-28 22:14:04.166 INFO [restartedMain:c.a.n.c.naming] initializer namespace from System Property :null
2023-07-28 22:14:04.292 INFO [com.alibaba.nacos.client.remote.worker:c.a.n.c.naming] Grpc connection connect
2023-07-28 22:14:04.347 INFO [restartedMain:c.a.n.c.naming] [SUBSCRIBE-SERVICE] service:providers:com.czq.apicommon.service.InnerUserService::, group:DEFAULT_GROUP, clusters: 
2023-07-28 22:14:04.363 INFO [restartedMain:c.a.n.c.naming] init new ips(1) service: DEFAULT_GROUP@@providers:com.czq.apicommon.service.InnerUserService:: -> [{"ip":"192.168.43.163","port":20880,"weight":1.0,"healthy":true,"enabled":true,"ephemeral":true,"clusterName":"DEFAULT","serviceName":"DEFAULT_GROUP@@providers:com.czq.apicommon.service.InnerUserService::","metadata":{"side":"provider","release":"3.0.9","methods":"getUserById","deprecated":"false","dubbo":"2.0.2","pid":"13704","interface":"com.czq.apicommon.service.InnerUserService","service-name-mapping":"true","generic":"false","path":"com.czq.apicommon.service.InnerUserService","protocol":"dubbo","application":"dubbo","background":"false","dynamic":"true","category":"providers","anyhost":"true","timestamp":"1690553625573"},"ipDeleteTimeout":30000,"instanceHeartBeatInterval":5000,"instanceHeartBeatTimeOut":15000}]
2023-07-28 22:14:04.363 INFO [restartedMain:c.a.n.c.naming] current ips:(1) service: DEFAULT_GROUP@@providers:com.czq.apicommon.service.InnerUserService:: -> [{"ip":"192.168.43.163","port":20880,"weight":1.0,"healthy":true,"enabled":true,"ephemeral":true,"clusterName":"DEFAULT","serviceName":"DEFAULT_GROUP@@providers:com.czq.apicommon.service.InnerUserService::","metadata":{"side":"provider","release":"3.0.9","methods":"getUserById","deprecated":"false","dubbo":"2.0.2","pid":"13704","interface":"com.czq.apicommon.service.InnerUserService","service-name-mapping":"true","generic":"false","path":"com.czq.apicommon.service.InnerUserService","protocol":"dubbo","application":"dubbo","background":"false","dynamic":"true","category":"providers","anyhost":"true","timestamp":"1690553625573"},"ipDeleteTimeout":30000,"instanceHeartBeatInterval":5000,"instanceHeartBeatTimeOut":15000}]
2023-07-28 22:14:04.363 INFO [restartedMain:c.a.n.c.naming] [SUBSCRIBE-SERVICE] service:providers:com.czq.apicommon.service.InnerUserService, group:DEFAULT_GROUP, clusters: 
2023-07-28 22:14:04.363 INFO [restartedMain:c.a.n.c.naming] init new ips(0) service: DEFAULT_GROUP@@providers:com.czq.apicommon.service.InnerUserService -> []
2023-07-28 22:14:04.363 INFO [restartedMain:c.a.n.c.naming] current ips:(0) service: DEFAULT_GROUP@@providers:com.czq.apicommon.service.InnerUserService -> []
2023-07-28 22:14:04.460 INFO [restartedMain:c.a.n.c.naming] [SUBSCRIBE-SERVICE] service:providers:com.czq.apicommon.service.InnerUserService::, group:DEFAULT_GROUP, clusters: 
2023-07-28 22:14:04.460 INFO [restartedMain:c.a.n.c.naming] [SUBSCRIBE-SERVICE] service:providers:com.czq.apicommon.service.InnerUserService, group:DEFAULT_GROUP, clusters: 
2023-07-28 22:14:04.492 INFO [restartedMain:c.a.n.c.naming] initializer namespace from System Property : null
2023-07-28 22:14:04.492 INFO [restartedMain:c.a.n.c.naming] initializer namespace from System Environment :null
2023-07-28 22:14:04.492 INFO [restartedMain:c.a.n.c.naming] initializer namespace from System Property :null
2023-07-28 22:14:04.619 INFO [com.alibaba.nacos.client.remote.worker:c.a.n.c.naming] Grpc connection connect
2023-07-28 22:14:04.791 INFO [restartedMain:c.a.n.c.naming] [SUBSCRIBE-SERVICE] service:dubbo, group:DEFAULT_GROUP, clusters: 
2023-07-28 22:14:04.793 INFO [restartedMain:c.a.n.c.naming] init new ips(1) service: DEFAULT_GROUP@@dubbo -> [{"ip":"192.168.43.163","port":20880,"weight":1.0,"healthy":true,"enabled":true,"ephemeral":true,"clusterName":"DEFAULT","serviceName":"DEFAULT_GROUP@@dubbo","metadata":{"dubbo.metadata-service.url-params":"{\"connections\":\"1\",\"version\":\"1.0.0\",\"dubbo\":\"2.0.2\",\"release\":\"3.0.9\",\"side\":\"provider\",\"port\":\"20880\",\"protocol\":\"dubbo\"}","dubbo.endpoints":"[{\"port\":20880,\"protocol\":\"dubbo\"}]","dubbo.metadata.revision":"a83f785a1b9b913cdc6732711aeb693c","dubbo.metadata.storage-type":"local","timestamp":"1690553625573"},"ipDeleteTimeout":30000,"instanceHeartBeatInterval":5000,"instanceHeartBeatTimeOut":15000}]
2023-07-28 22:14:04.794 INFO [restartedMain:c.a.n.c.naming] current ips:(1) service: DEFAULT_GROUP@@dubbo -> [{"ip":"192.168.43.163","port":20880,"weight":1.0,"healthy":true,"enabled":true,"ephemeral":true,"clusterName":"DEFAULT","serviceName":"DEFAULT_GROUP@@dubbo","metadata":{"dubbo.metadata-service.url-params":"{\"connections\":\"1\",\"version\":\"1.0.0\",\"dubbo\":\"2.0.2\",\"release\":\"3.0.9\",\"side\":\"provider\",\"port\":\"20880\",\"protocol\":\"dubbo\"}","dubbo.endpoints":"[{\"port\":20880,\"protocol\":\"dubbo\"}]","dubbo.metadata.revision":"a83f785a1b9b913cdc6732711aeb693c","dubbo.metadata.storage-type":"local","timestamp":"1690553625573"},"ipDeleteTimeout":30000,"instanceHeartBeatInterval":5000,"instanceHeartBeatTimeOut":15000}]
2023-07-28 22:14:04.895 INFO [restartedMain:c.a.n.c.naming] [SUBSCRIBE-SERVICE] service:dubbo, group:DEFAULT_GROUP, clusters: 
2023-07-28 22:14:04.911 INFO [restartedMain:c.a.n.c.naming] [SUBSCRIBE-SERVICE] service:providers:com.czq.apicommon.service.ApiBackendService::, group:DEFAULT_GROUP, clusters: 
2023-07-28 22:14:04.913 INFO [restartedMain:c.a.n.c.naming] init new ips(1) service: DEFAULT_GROUP@@providers:com.czq.apicommon.service.ApiBackendService:: -> [{"ip":"192.168.43.163","port":20880,"weight":1.0,"healthy":true,"enabled":true,"ephemeral":true,"clusterName":"DEFAULT","serviceName":"DEFAULT_GROUP@@providers:com.czq.apicommon.service.ApiBackendService::","metadata":{"side":"provider","release":"3.0.9","methods":"recoverInterfaceStock,invokeCount,getInterFaceInfo,updateUserInterfaceInvokeCount,getLeftInvokeCount,updateInterfaceStock,getInterfaceById,getInvokeUser,getInterfaceStockById","deprecated":"false","dubbo":"2.0.2","pid":"13704","interface":"com.czq.apicommon.service.ApiBackendService","service-name-mapping":"true","generic":"false","path":"com.czq.apicommon.service.ApiBackendService","protocol":"dubbo","application":"dubbo","background":"false","dynamic":"true","category":"providers","anyhost":"true","timestamp":"1690553624849"},"ipDeleteTimeout":30000,"instanceHeartBeatInterval":5000,"instanceHeartBeatTimeOut":15000}]
2023-07-28 22:14:04.913 INFO [restartedMain:c.a.n.c.naming] current ips:(1) service: DEFAULT_GROUP@@providers:com.czq.apicommon.service.ApiBackendService:: -> [{"ip":"192.168.43.163","port":20880,"weight":1.0,"healthy":true,"enabled":true,"ephemeral":true,"clusterName":"DEFAULT","serviceName":"DEFAULT_GROUP@@providers:com.czq.apicommon.service.ApiBackendService::","metadata":{"side":"provider","release":"3.0.9","methods":"recoverInterfaceStock,invokeCount,getInterFaceInfo,updateUserInterfaceInvokeCount,getLeftInvokeCount,updateInterfaceStock,getInterfaceById,getInvokeUser,getInterfaceStockById","deprecated":"false","dubbo":"2.0.2","pid":"13704","interface":"com.czq.apicommon.service.ApiBackendService","service-name-mapping":"true","generic":"false","path":"com.czq.apicommon.service.ApiBackendService","protocol":"dubbo","application":"dubbo","background":"false","dynamic":"true","category":"providers","anyhost":"true","timestamp":"1690553624849"},"ipDeleteTimeout":30000,"instanceHeartBeatInterval":5000,"instanceHeartBeatTimeOut":15000}]
2023-07-28 22:14:04.920 INFO [restartedMain:c.a.n.c.naming] [SUBSCRIBE-SERVICE] service:providers:com.czq.apicommon.service.ApiBackendService, group:DEFAULT_GROUP, clusters: 
2023-07-28 22:14:04.923 INFO [restartedMain:c.a.n.c.naming] init new ips(0) service: DEFAULT_GROUP@@providers:com.czq.apicommon.service.ApiBackendService -> []
2023-07-28 22:14:04.924 INFO [restartedMain:c.a.n.c.naming] current ips:(0) service: DEFAULT_GROUP@@providers:com.czq.apicommon.service.ApiBackendService -> []
2023-07-28 22:14:04.927 INFO [restartedMain:c.a.n.c.naming] [SUBSCRIBE-SERVICE] service:providers:com.czq.apicommon.service.ApiBackendService::, group:DEFAULT_GROUP, clusters: 
2023-07-28 22:14:04.927 INFO [restartedMain:c.a.n.c.naming] [SUBSCRIBE-SERVICE] service:providers:com.czq.apicommon.service.ApiBackendService, group:DEFAULT_GROUP, clusters: 
2023-07-28 22:14:05.138 INFO [restartedMain:c.a.n.c.naming] [SUBSCRIBE-SERVICE] service:yuapi-backend, group:DEFAULT_GROUP, clusters: 
2023-07-28 22:14:05.144 INFO [restartedMain:c.a.n.c.naming] init new ips(0) service: DEFAULT_GROUP@@yuapi-backend -> []
2023-07-28 22:14:05.144 INFO [restartedMain:c.a.n.c.naming] current ips:(0) service: DEFAULT_GROUP@@yuapi-backend -> []
2023-07-28 22:14:05.145 INFO [restartedMain:c.a.n.c.naming] [SUBSCRIBE-SERVICE] service:dubbo, group:DEFAULT_GROUP, clusters: 
2023-07-28 22:14:05.145 INFO [restartedMain:c.a.n.c.naming] [SUBSCRIBE-SERVICE] service:yuapi-backend, group:DEFAULT_GROUP, clusters: 
2023-07-28 22:14:05.423 INFO [restartedMain:c.a.n.c.naming] [SUBSCRIBE-SERVICE] service:providers:org.apache.dubbo.metadata.MetadataService:1.0.0:dubbo, group:DEFAULT_GROUP, clusters: 
2023-07-28 22:14:05.424 INFO [restartedMain:c.a.n.c.naming] init new ips(0) service: DEFAULT_GROUP@@providers:org.apache.dubbo.metadata.MetadataService:1.0.0:dubbo -> []
2023-07-28 22:14:05.424 INFO [restartedMain:c.a.n.c.naming] current ips:(0) service: DEFAULT_GROUP@@providers:org.apache.dubbo.metadata.MetadataService:1.0.0:dubbo -> []
2023-07-28 22:14:05.424 INFO [restartedMain:c.a.n.c.naming] [SUBSCRIBE-SERVICE] service:providers:org.apache.dubbo.metadata.MetadataService:1.0.0:dubbo, group:DEFAULT_GROUP, clusters: 
