2023-07-28 22:14:00.237 INFO [restartedMain:c.a.n.c.r.client] [RpcClientFactory] create a new rpc client of 8389903e-cccd-4cfc-a6a9-8a20bc185543_config-0
2023-07-28 22:14:00.289 INFO [restartedMain:c.a.n.c.r.client] [8389903e-cccd-4cfc-a6a9-8a20bc185543_config-0] RpcClient init label, labels = {module=config, Vipserver-Tag=null, source=sdk, Amory-Tag=null, Location-Tag=null, taskId=0, AppName=unknown}
2023-07-28 22:14:00.289 INFO [restartedMain:c.a.n.c.r.client] [8389903e-cccd-4cfc-a6a9-8a20bc185543_config-0] Register server push request handler:com.alibaba.nacos.client.config.impl.ClientWorker$ConfigRpcTransportClient$$Lambda$709/1561577550
2023-07-28 22:14:00.289 INFO [restartedMain:c.a.n.c.r.client] [8389903e-cccd-4cfc-a6a9-8a20bc185543_config-0] Register server push request handler:com.alibaba.nacos.client.config.impl.ClientWorker$ConfigRpcTransportClient$$Lambda$710/1412461112
2023-07-28 22:14:00.289 INFO [restartedMain:c.a.n.c.r.client] [8389903e-cccd-4cfc-a6a9-8a20bc185543_config-0] Registry connection listener to current client:com.alibaba.nacos.client.config.impl.ClientWorker$ConfigRpcTransportClient$1
2023-07-28 22:14:00.289 INFO [restartedMain:c.a.n.c.r.client] [8389903e-cccd-4cfc-a6a9-8a20bc185543_config-0] RpcClient init, ServerListFactory = com.alibaba.nacos.client.config.impl.ClientWorker$ConfigRpcTransportClient$2
2023-07-28 22:14:00.289 INFO [restartedMain:c.a.n.c.r.client] [8389903e-cccd-4cfc-a6a9-8a20bc185543_config-0] Try to connect to server on start up, server: {serverIp = 'localhost', server main port = 8848}
2023-07-28 22:14:01.022 INFO [restartedMain:c.a.n.c.r.client] [8389903e-cccd-4cfc-a6a9-8a20bc185543_config-0] Success to connect to server [localhost:8848] on start up, connectionId = 1690553640847_127.0.0.1_62215
2023-07-28 22:14:01.022 INFO [com.alibaba.nacos.client.remote.worker:c.a.n.c.r.client] [8389903e-cccd-4cfc-a6a9-8a20bc185543_config-0] Notify connected event to listeners.
2023-07-28 22:14:01.022 INFO [restartedMain:c.a.n.c.r.client] [8389903e-cccd-4cfc-a6a9-8a20bc185543_config-0] Register server push request handler:com.alibaba.nacos.common.remote.client.RpcClient$ConnectResetRequestHandler
2023-07-28 22:14:01.022 INFO [restartedMain:c.a.n.c.r.client] [8389903e-cccd-4cfc-a6a9-8a20bc185543_config-0] Register server push request handler:com.alibaba.nacos.common.remote.client.RpcClient$$Lambda$718/1675226345
2023-07-28 22:14:03.590 INFO [restartedMain:c.a.n.c.r.client] [RpcClientFactory] create a new rpc client of 5021dbc8-4a75-4552-a04e-441dd66ded95
2023-07-28 22:14:03.590 INFO [restartedMain:c.a.n.c.r.client] [5021dbc8-4a75-4552-a04e-441dd66ded95] RpcClient init label, labels = {module=naming, source=sdk}
2023-07-28 22:14:03.590 INFO [restartedMain:c.a.n.c.r.client] [5021dbc8-4a75-4552-a04e-441dd66ded95] RpcClient init, ServerListFactory = com.alibaba.nacos.client.naming.core.ServerListManager
2023-07-28 22:14:03.590 INFO [restartedMain:c.a.n.c.r.client] [5021dbc8-4a75-4552-a04e-441dd66ded95] Registry connection listener to current client:com.alibaba.nacos.client.naming.remote.gprc.redo.NamingGrpcRedoService
2023-07-28 22:14:03.590 INFO [restartedMain:c.a.n.c.r.client] [5021dbc8-4a75-4552-a04e-441dd66ded95] Register server push request handler:com.alibaba.nacos.client.naming.remote.gprc.NamingPushRequestHandler
2023-07-28 22:14:03.590 INFO [restartedMain:c.a.n.c.r.client] [5021dbc8-4a75-4552-a04e-441dd66ded95] Try to connect to server on start up, server: {serverIp = '127.0.0.1', server main port = 8848}
2023-07-28 22:14:03.700 INFO [restartedMain:c.a.n.c.r.client] [5021dbc8-4a75-4552-a04e-441dd66ded95] Success to connect to server [127.0.0.1:8848] on start up, connectionId = 1690553643590_127.0.0.1_62222
2023-07-28 22:14:03.701 INFO [com.alibaba.nacos.client.remote.worker:c.a.n.c.r.client] [5021dbc8-4a75-4552-a04e-441dd66ded95] Notify connected event to listeners.
2023-07-28 22:14:03.701 INFO [restartedMain:c.a.n.c.r.client] [5021dbc8-4a75-4552-a04e-441dd66ded95] Register server push request handler:com.alibaba.nacos.common.remote.client.RpcClient$ConnectResetRequestHandler
2023-07-28 22:14:03.701 INFO [restartedMain:c.a.n.c.r.client] [5021dbc8-4a75-4552-a04e-441dd66ded95] Register server push request handler:com.alibaba.nacos.common.remote.client.RpcClient$$Lambda$718/1675226345
2023-07-28 22:14:04.166 INFO [restartedMain:c.a.n.c.r.client] [RpcClientFactory] create a new rpc client of 2fd19871-f4c5-461e-b62e-73508823cd74
2023-07-28 22:14:04.166 INFO [restartedMain:c.a.n.c.r.client] [2fd19871-f4c5-461e-b62e-73508823cd74] RpcClient init label, labels = {module=naming, source=sdk}
2023-07-28 22:14:04.166 INFO [restartedMain:c.a.n.c.r.client] [2fd19871-f4c5-461e-b62e-73508823cd74] RpcClient init, ServerListFactory = com.alibaba.nacos.client.naming.core.ServerListManager
2023-07-28 22:14:04.166 INFO [restartedMain:c.a.n.c.r.client] [2fd19871-f4c5-461e-b62e-73508823cd74] Registry connection listener to current client:com.alibaba.nacos.client.naming.remote.gprc.redo.NamingGrpcRedoService
2023-07-28 22:14:04.166 INFO [restartedMain:c.a.n.c.r.client] [2fd19871-f4c5-461e-b62e-73508823cd74] Register server push request handler:com.alibaba.nacos.client.naming.remote.gprc.NamingPushRequestHandler
2023-07-28 22:14:04.166 INFO [restartedMain:c.a.n.c.r.client] [2fd19871-f4c5-461e-b62e-73508823cd74] Try to connect to server on start up, server: {serverIp = 'localhost', server main port = 8848}
2023-07-28 22:14:04.292 INFO [restartedMain:c.a.n.c.r.client] [2fd19871-f4c5-461e-b62e-73508823cd74] Success to connect to server [localhost:8848] on start up, connectionId = 1690553644181_127.0.0.1_62290
2023-07-28 22:14:04.292 INFO [restartedMain:c.a.n.c.r.client] [2fd19871-f4c5-461e-b62e-73508823cd74] Register server push request handler:com.alibaba.nacos.common.remote.client.RpcClient$ConnectResetRequestHandler
2023-07-28 22:14:04.292 INFO [restartedMain:c.a.n.c.r.client] [2fd19871-f4c5-461e-b62e-73508823cd74] Register server push request handler:com.alibaba.nacos.common.remote.client.RpcClient$$Lambda$718/1675226345
2023-07-28 22:14:04.292 INFO [com.alibaba.nacos.client.remote.worker:c.a.n.c.r.client] [2fd19871-f4c5-461e-b62e-73508823cd74] Notify connected event to listeners.
2023-07-28 22:14:04.492 INFO [restartedMain:c.a.n.c.r.client] [RpcClientFactory] create a new rpc client of 7722b619-2c23-4601-be10-ae1ca339c3b4
2023-07-28 22:14:04.492 INFO [restartedMain:c.a.n.c.r.client] [7722b619-2c23-4601-be10-ae1ca339c3b4] RpcClient init label, labels = {module=naming, source=sdk}
2023-07-28 22:14:04.492 INFO [restartedMain:c.a.n.c.r.client] [7722b619-2c23-4601-be10-ae1ca339c3b4] RpcClient init, ServerListFactory = com.alibaba.nacos.client.naming.core.ServerListManager
2023-07-28 22:14:04.492 INFO [restartedMain:c.a.n.c.r.client] [7722b619-2c23-4601-be10-ae1ca339c3b4] Registry connection listener to current client:com.alibaba.nacos.client.naming.remote.gprc.redo.NamingGrpcRedoService
2023-07-28 22:14:04.492 INFO [restartedMain:c.a.n.c.r.client] [7722b619-2c23-4601-be10-ae1ca339c3b4] Register server push request handler:com.alibaba.nacos.client.naming.remote.gprc.NamingPushRequestHandler
2023-07-28 22:14:04.492 INFO [restartedMain:c.a.n.c.r.client] [7722b619-2c23-4601-be10-ae1ca339c3b4] Try to connect to server on start up, server: {serverIp = 'localhost', server main port = 8848}
2023-07-28 22:14:04.618 INFO [restartedMain:c.a.n.c.r.client] [7722b619-2c23-4601-be10-ae1ca339c3b4] Success to connect to server [localhost:8848] on start up, connectionId = 1690553644507_127.0.0.1_62326
2023-07-28 22:14:04.619 INFO [com.alibaba.nacos.client.remote.worker:c.a.n.c.r.client] [7722b619-2c23-4601-be10-ae1ca339c3b4] Notify connected event to listeners.
2023-07-28 22:14:04.619 INFO [restartedMain:c.a.n.c.r.client] [7722b619-2c23-4601-be10-ae1ca339c3b4] Register server push request handler:com.alibaba.nacos.common.remote.client.RpcClient$ConnectResetRequestHandler
2023-07-28 22:14:04.619 INFO [restartedMain:c.a.n.c.r.client] [7722b619-2c23-4601-be10-ae1ca339c3b4] Register server push request handler:com.alibaba.nacos.common.remote.client.RpcClient$$Lambda$718/1675226345
2023-07-28 22:14:04.669 INFO [restartedMain:c.a.n.c.r.client] [RpcClientFactory] create a new rpc client of d5658c37-efae-4fcd-8edc-aab4e4ec3e3b_config-0
2023-07-28 22:14:04.669 INFO [restartedMain:c.a.n.c.r.client] [d5658c37-efae-4fcd-8edc-aab4e4ec3e3b_config-0] RpcClient init label, labels = {module=config, Vipserver-Tag=null, source=sdk, Amory-Tag=null, Location-Tag=null, taskId=0, AppName=unknown}
2023-07-28 22:14:04.669 INFO [restartedMain:c.a.n.c.r.client] [d5658c37-efae-4fcd-8edc-aab4e4ec3e3b_config-0] Register server push request handler:com.alibaba.nacos.client.config.impl.ClientWorker$ConfigRpcTransportClient$$Lambda$709/1561577550
2023-07-28 22:14:04.669 INFO [restartedMain:c.a.n.c.r.client] [d5658c37-efae-4fcd-8edc-aab4e4ec3e3b_config-0] Register server push request handler:com.alibaba.nacos.client.config.impl.ClientWorker$ConfigRpcTransportClient$$Lambda$710/1412461112
2023-07-28 22:14:04.669 INFO [restartedMain:c.a.n.c.r.client] [d5658c37-efae-4fcd-8edc-aab4e4ec3e3b_config-0] Registry connection listener to current client:com.alibaba.nacos.client.config.impl.ClientWorker$ConfigRpcTransportClient$1
2023-07-28 22:14:04.669 INFO [restartedMain:c.a.n.c.r.client] [d5658c37-efae-4fcd-8edc-aab4e4ec3e3b_config-0] RpcClient init, ServerListFactory = com.alibaba.nacos.client.config.impl.ClientWorker$ConfigRpcTransportClient$2
2023-07-28 22:14:04.669 INFO [restartedMain:c.a.n.c.r.client] [d5658c37-efae-4fcd-8edc-aab4e4ec3e3b_config-0] Try to connect to server on start up, server: {serverIp = 'localhost', server main port = 8848}
2023-07-28 22:14:04.779 INFO [restartedMain:c.a.n.c.r.client] [d5658c37-efae-4fcd-8edc-aab4e4ec3e3b_config-0] Success to connect to server [localhost:8848] on start up, connectionId = 1690553644669_127.0.0.1_62327
2023-07-28 22:14:04.779 INFO [restartedMain:c.a.n.c.r.client] [d5658c37-efae-4fcd-8edc-aab4e4ec3e3b_config-0] Register server push request handler:com.alibaba.nacos.common.remote.client.RpcClient$ConnectResetRequestHandler
2023-07-28 22:14:04.779 INFO [restartedMain:c.a.n.c.r.client] [d5658c37-efae-4fcd-8edc-aab4e4ec3e3b_config-0] Register server push request handler:com.alibaba.nacos.common.remote.client.RpcClient$$Lambda$718/1675226345
2023-07-28 22:14:04.779 INFO [com.alibaba.nacos.client.remote.worker:c.a.n.c.r.client] [d5658c37-efae-4fcd-8edc-aab4e4ec3e3b_config-0] Notify connected event to listeners.
2023-07-28 22:14:04.959 INFO [nacos-grpc-client-executor-localhost-9:c.a.n.c.r.client] [2fd19871-f4c5-461e-b62e-73508823cd74] Receive server push request, request = NotifySubscriberRequest, requestId = 86
2023-07-28 22:14:04.959 INFO [nacos-grpc-client-executor-localhost-9:c.a.n.c.r.client] [2fd19871-f4c5-461e-b62e-73508823cd74] Ack server push request, request = NotifySubscriberRequest, requestId = 86
2023-07-28 22:14:04.961 INFO [nacos-grpc-client-executor-localhost-10:c.a.n.c.r.client] [2fd19871-f4c5-461e-b62e-73508823cd74] Receive server push request, request = NotifySubscriberRequest, requestId = 87
2023-07-28 22:14:04.961 INFO [nacos-grpc-client-executor-localhost-10:c.a.n.c.r.client] [2fd19871-f4c5-461e-b62e-73508823cd74] Ack server push request, request = NotifySubscriberRequest, requestId = 87
2023-07-28 22:14:05.389 INFO [nacos-grpc-client-executor-localhost-6:c.a.n.c.r.client] [7722b619-2c23-4601-be10-ae1ca339c3b4] Receive server push request, request = NotifySubscriberRequest, requestId = 88
2023-07-28 22:14:05.390 INFO [nacos-grpc-client-executor-localhost-6:c.a.n.c.r.client] [7722b619-2c23-4601-be10-ae1ca339c3b4] Ack server push request, request = NotifySubscriberRequest, requestId = 88
2023-07-28 22:14:05.498 INFO [nacos-grpc-client-executor-localhost-15:c.a.n.c.r.client] [2fd19871-f4c5-461e-b62e-73508823cd74] Receive server push request, request = NotifySubscriberRequest, requestId = 89
2023-07-28 22:14:05.499 INFO [nacos-grpc-client-executor-localhost-15:c.a.n.c.r.client] [2fd19871-f4c5-461e-b62e-73508823cd74] Ack server push request, request = NotifySubscriberRequest, requestId = 89
2023-07-28 22:14:05.499 INFO [nacos-grpc-client-executor-localhost-16:c.a.n.c.r.client] [2fd19871-f4c5-461e-b62e-73508823cd74] Receive server push request, request = NotifySubscriberRequest, requestId = 90
2023-07-28 22:14:05.499 INFO [nacos-grpc-client-executor-localhost-16:c.a.n.c.r.client] [2fd19871-f4c5-461e-b62e-73508823cd74] Ack server push request, request = NotifySubscriberRequest, requestId = 90
2023-07-28 22:14:05.709 INFO [nacos-grpc-client-executor-localhost-7:c.a.n.c.r.client] [7722b619-2c23-4601-be10-ae1ca339c3b4] Receive server push request, request = NotifySubscriberRequest, requestId = 91
2023-07-28 22:14:05.709 INFO [nacos-grpc-client-executor-localhost-7:c.a.n.c.r.client] [7722b619-2c23-4601-be10-ae1ca339c3b4] Ack server push request, request = NotifySubscriberRequest, requestId = 91
2023-07-28 22:14:05.927 INFO [nacos-grpc-client-executor-localhost-17:c.a.n.c.r.client] [2fd19871-f4c5-461e-b62e-73508823cd74] Receive server push request, request = NotifySubscriberRequest, requestId = 92
2023-07-28 22:14:05.927 INFO [nacos-grpc-client-executor-localhost-17:c.a.n.c.r.client] [2fd19871-f4c5-461e-b62e-73508823cd74] Ack server push request, request = NotifySubscriberRequest, requestId = 92
